[debug] [2023-10-31T13:31:56.518Z] ----------------------------------------------------------------------
[debug] [2023-10-31T13:31:56.521Z] Command:       C:\Program Files\nodejs\node.exe C:\Users\jessi\AppData\Roaming\npm\node_modules\firebase-tools\lib\bin\firebase.js init
[debug] [2023-10-31T13:31:56.522Z] CLI Version:   12.7.0
[debug] [2023-10-31T13:31:56.522Z] Platform:      win32
[debug] [2023-10-31T13:31:56.522Z] Node Version:  v16.18.0
[debug] [2023-10-31T13:31:56.529Z] Time:          Tue Oct 31 2023 09:31:56 GMT-0400 (Eastern Daylight Time)
[debug] [2023-10-31T13:31:56.530Z] ----------------------------------------------------------------------
[debug] 
[debug] [2023-10-31T13:31:56.534Z] >>> [apiv2][query] GET https://firebase-public.firebaseio.com/cli.json [none]
[debug] [2023-10-31T13:31:56.671Z] > command requires scopes: ["email","openid","https://www.googleapis.com/auth/cloudplatformprojects.readonly","https://www.googleapis.com/auth/firebase","https://www.googleapis.com/auth/cloud-platform"]
[debug] [2023-10-31T13:31:56.672Z] > authorizing via signed-in user (nguyen15@terpmail.umd.edu)
[info] 
     ######## #### ########  ######## ########     ###     ######  ########
     ##        ##  ##     ## ##       ##     ##  ##   ##  ##       ##
     ######    ##  ########  ######   ########  #########  ######  ######
     ##        ##  ##    ##  ##       ##     ## ##     ##       ## ##
     ##       #### ##     ## ######## ########  ##     ##  ######  ########

You're about to initialize a Firebase project in this directory:

  C:\Users\jessi\workspace\ggdtoolkit

Before we get started, keep in mind:

  * You are initializing within an existing Firebase project directory

[debug] [2023-10-31T13:31:56.816Z] <<< [apiv2][status] GET https://firebase-public.firebaseio.com/cli.json 200
[debug] [2023-10-31T13:31:56.817Z] <<< [apiv2][body] GET https://firebase-public.firebaseio.com/cli.json {"cloudBuildErrorAfter":1594252800000,"cloudBuildWarnAfter":1590019200000,"defaultNode10After":1594252800000,"minVersion":"3.0.5","node8DeploysDisabledAfter":1613390400000,"node8RuntimeDisabledAfter":1615809600000,"node8WarnAfter":1600128000000}
[info] 
=== Project Setup
[info] 
[info] First, let's associate this project directory with a Firebase project.
[info] You can create multiple project aliases by running firebase use --add, 
[info] but for now we'll just set up a default project.
[info] 
[debug] [2023-10-31T13:33:27.101Z] Using project from CLI flag: gdd-toolkit
[debug] [2023-10-31T13:33:27.103Z] > refreshing access token with scopes: []
[debug] [2023-10-31T13:33:27.105Z] >>> [apiv2][query] POST https://www.googleapis.com/oauth2/v3/token [none]
[debug] [2023-10-31T13:33:27.105Z] >>> [apiv2][body] POST https://www.googleapis.com/oauth2/v3/token [omitted]
[debug] [2023-10-31T13:33:27.232Z] <<< [apiv2][status] POST https://www.googleapis.com/oauth2/v3/token 200
[debug] [2023-10-31T13:33:27.233Z] <<< [apiv2][body] POST https://www.googleapis.com/oauth2/v3/token [omitted]
[debug] [2023-10-31T13:33:27.245Z] >>> [apiv2][query] GET https://firebase.googleapis.com/v1beta1/projects/gdd-toolkit [none]
[debug] [2023-10-31T13:33:27.664Z] <<< [apiv2][status] GET https://firebase.googleapis.com/v1beta1/projects/gdd-toolkit 200
[debug] [2023-10-31T13:33:27.664Z] <<< [apiv2][body] GET https://firebase.googleapis.com/v1beta1/projects/gdd-toolkit {"projectId":"gdd-toolkit","projectNumber":"792191653355","displayName":"GDD Toolkit","name":"projects/gdd-toolkit","resources":{"hostingSite":"gdd-toolkit"},"state":"ACTIVE","etag":"1_f8ffd209-cffd-4b4b-a742-a97ddde4b44e"}
[info] i  Using project gdd-toolkit (GDD Toolkit) 
[info] 
=== Hosting Setup
[info] 
[info] Your public directory is the folder (relative to your project directory) that
[info] will contain Hosting assets to be uploaded with firebase deploy. If you
[info] have a build process for your assets, use your build's output directory.
[info] 
