[debug] [2023-11-23T07:55:01.022Z] ----------------------------------------------------------------------
[debug] [2023-11-23T07:55:01.024Z] Command:       C:\Program Files\nodejs\node.exe C:\Users\jessi\AppData\Roaming\npm\node_modules\firebase-tools\lib\bin\firebase.js deploy --debug
[debug] [2023-11-23T07:55:01.024Z] CLI Version:   12.9.1
[debug] [2023-11-23T07:55:01.025Z] Platform:      win32
[debug] [2023-11-23T07:55:01.025Z] Node Version:  v18.14.2
[debug] [2023-11-23T07:55:01.025Z] Time:          Thu Nov 23 2023 02:55:01 GMT-0500 (Eastern Standard Time)
[debug] [2023-11-23T07:55:01.026Z] ----------------------------------------------------------------------
[debug] 
[debug] [2023-11-23T07:55:01.029Z] >>> [apiv2][query] GET https://firebase-public.firebaseio.com/cli.json [none]
[debug] [2023-11-23T07:55:01.127Z] > command requires scopes: ["email","openid","https://www.googleapis.com/auth/cloudplatformprojects.readonly","https://www.googleapis.com/auth/firebase","https://www.googleapis.com/auth/cloud-platform"]
[debug] [2023-11-23T07:55:01.128Z] > authorizing via signed-in user (nguyen15@terpmail.umd.edu)
[debug] [2023-11-23T07:55:01.129Z] [iam] checking project gdd-toolkit for permissions ["cloudfunctions.functions.create","cloudfunctions.functions.delete","cloudfunctions.functions.get","cloudfunctions.functions.list","cloudfunctions.functions.update","cloudfunctions.operations.get","datastore.indexes.create","datastore.indexes.delete","datastore.indexes.list","datastore.indexes.update","firebase.projects.get","firebasehosting.sites.update"]
[debug] [2023-11-23T07:55:01.130Z] > refreshing access token with scopes: []
[debug] [2023-11-23T07:55:01.131Z] >>> [apiv2][query] POST https://www.googleapis.com/oauth2/v3/token [none]
[debug] [2023-11-23T07:55:01.131Z] >>> [apiv2][body] POST https://www.googleapis.com/oauth2/v3/token [omitted]
[debug] [2023-11-23T07:55:01.278Z] <<< [apiv2][status] GET https://firebase-public.firebaseio.com/cli.json 200
[debug] [2023-11-23T07:55:01.278Z] <<< [apiv2][body] GET https://firebase-public.firebaseio.com/cli.json {"cloudBuildErrorAfter":1594252800000,"cloudBuildWarnAfter":1590019200000,"defaultNode10After":1594252800000,"minVersion":"3.0.5","node8DeploysDisabledAfter":1613390400000,"node8RuntimeDisabledAfter":1615809600000,"node8WarnAfter":1600128000000}
[debug] [2023-11-23T07:55:01.336Z] <<< [apiv2][status] POST https://www.googleapis.com/oauth2/v3/token 200
[debug] [2023-11-23T07:55:01.337Z] <<< [apiv2][body] POST https://www.googleapis.com/oauth2/v3/token [omitted]
[debug] [2023-11-23T07:55:01.341Z] >>> [apiv2][query] POST https://cloudresourcemanager.googleapis.com/v1/projects/gdd-toolkit:testIamPermissions [none]
[debug] [2023-11-23T07:55:01.342Z] >>> [apiv2][(partial)header] POST https://cloudresourcemanager.googleapis.com/v1/projects/gdd-toolkit:testIamPermissions x-goog-quota-user=projects/gdd-toolkit
[debug] [2023-11-23T07:55:01.342Z] >>> [apiv2][body] POST https://cloudresourcemanager.googleapis.com/v1/projects/gdd-toolkit:testIamPermissions {"permissions":["cloudfunctions.functions.create","cloudfunctions.functions.delete","cloudfunctions.functions.get","cloudfunctions.functions.list","cloudfunctions.functions.update","cloudfunctions.operations.get","datastore.indexes.create","datastore.indexes.delete","datastore.indexes.list","datastore.indexes.update","firebase.projects.get","firebasehosting.sites.update"]}
[debug] [2023-11-23T07:55:01.573Z] <<< [apiv2][status] POST https://cloudresourcemanager.googleapis.com/v1/projects/gdd-toolkit:testIamPermissions 200
[debug] [2023-11-23T07:55:01.574Z] <<< [apiv2][body] POST https://cloudresourcemanager.googleapis.com/v1/projects/gdd-toolkit:testIamPermissions {"permissions":["cloudfunctions.functions.create","cloudfunctions.functions.delete","cloudfunctions.functions.get","cloudfunctions.functions.list","cloudfunctions.functions.update","cloudfunctions.operations.get","datastore.indexes.create","datastore.indexes.delete","datastore.indexes.list","datastore.indexes.update","firebase.projects.get","firebasehosting.sites.update"]}
[debug] [2023-11-23T07:55:01.575Z] >>> [apiv2][query] POST https://iam.googleapis.com/v1/projects/gdd-toolkit/serviceAccounts/gdd-toolkit@appspot.gserviceaccount.com:testIamPermissions [none]
[debug] [2023-11-23T07:55:01.575Z] >>> [apiv2][body] POST https://iam.googleapis.com/v1/projects/gdd-toolkit/serviceAccounts/gdd-toolkit@appspot.gserviceaccount.com:testIamPermissions {"permissions":["iam.serviceAccounts.actAs"]}
[debug] [2023-11-23T07:55:01.810Z] <<< [apiv2][status] POST https://iam.googleapis.com/v1/projects/gdd-toolkit/serviceAccounts/gdd-toolkit@appspot.gserviceaccount.com:testIamPermissions 200
[debug] [2023-11-23T07:55:01.811Z] <<< [apiv2][body] POST https://iam.googleapis.com/v1/projects/gdd-toolkit/serviceAccounts/gdd-toolkit@appspot.gserviceaccount.com:testIamPermissions {"permissions":["iam.serviceAccounts.actAs"]}
[debug] [2023-11-23T07:55:01.813Z] >>> [apiv2][query] GET https://firebase.googleapis.com/v1beta1/projects/gdd-toolkit [none]
[debug] [2023-11-23T07:55:02.088Z] <<< [apiv2][status] GET https://firebase.googleapis.com/v1beta1/projects/gdd-toolkit 200
[debug] [2023-11-23T07:55:02.088Z] <<< [apiv2][body] GET https://firebase.googleapis.com/v1beta1/projects/gdd-toolkit {"projectId":"gdd-toolkit","projectNumber":"792191653355","displayName":"GDD Toolkit","name":"projects/gdd-toolkit","resources":{"hostingSite":"gdd-toolkit","realtimeDatabaseInstance":"gdd-toolkit-default-rtdb"},"state":"ACTIVE","etag":"1_578a6c07-984b-41bb-b7dd-082000148be8"}
[info] 
[info] === Deploying to 'gdd-toolkit'...
[info] 
[info] i  deploying firestore, functions, hosting 
[info] Running command: npm --prefix "$RESOURCE_DIR" run build
[error] 
[error] Error: functions predeploy error: Command terminated with non-zero exit code 4294963238
[debug] [2023-11-23T07:55:28.432Z] ----------------------------------------------------------------------
[debug] [2023-11-23T07:55:28.434Z] Command:       C:\Program Files\nodejs\node.exe C:\Users\jessi\AppData\Roaming\npm\node_modules\firebase-tools\lib\bin\firebase.js deploy --debug
[debug] [2023-11-23T07:55:28.434Z] CLI Version:   12.9.1
[debug] [2023-11-23T07:55:28.435Z] Platform:      win32
[debug] [2023-11-23T07:55:28.435Z] Node Version:  v18.14.2
[debug] [2023-11-23T07:55:28.435Z] Time:          Thu Nov 23 2023 02:55:28 GMT-0500 (Eastern Standard Time)
[debug] [2023-11-23T07:55:28.436Z] ----------------------------------------------------------------------
[debug] 
[debug] [2023-11-23T07:55:28.499Z] > command requires scopes: ["email","openid","https://www.googleapis.com/auth/cloudplatformprojects.readonly","https://www.googleapis.com/auth/firebase","https://www.googleapis.com/auth/cloud-platform"]
[debug] [2023-11-23T07:55:28.501Z] > authorizing via signed-in user (nguyen15@terpmail.umd.edu)
[debug] [2023-11-23T07:55:28.501Z] [iam] checking project gdd-toolkit for permissions ["cloudfunctions.functions.create","cloudfunctions.functions.delete","cloudfunctions.functions.get","cloudfunctions.functions.list","cloudfunctions.functions.update","cloudfunctions.operations.get","datastore.indexes.create","datastore.indexes.delete","datastore.indexes.list","datastore.indexes.update","firebase.projects.get","firebasehosting.sites.update"]
[debug] [2023-11-23T07:55:28.503Z] >>> [apiv2][query] POST https://cloudresourcemanager.googleapis.com/v1/projects/gdd-toolkit:testIamPermissions [none]
[debug] [2023-11-23T07:55:28.504Z] >>> [apiv2][(partial)header] POST https://cloudresourcemanager.googleapis.com/v1/projects/gdd-toolkit:testIamPermissions x-goog-quota-user=projects/gdd-toolkit
[debug] [2023-11-23T07:55:28.504Z] >>> [apiv2][body] POST https://cloudresourcemanager.googleapis.com/v1/projects/gdd-toolkit:testIamPermissions {"permissions":["cloudfunctions.functions.create","cloudfunctions.functions.delete","cloudfunctions.functions.get","cloudfunctions.functions.list","cloudfunctions.functions.update","cloudfunctions.operations.get","datastore.indexes.create","datastore.indexes.delete","datastore.indexes.list","datastore.indexes.update","firebase.projects.get","firebasehosting.sites.update"]}
[debug] [2023-11-23T07:55:28.772Z] <<< [apiv2][status] POST https://cloudresourcemanager.googleapis.com/v1/projects/gdd-toolkit:testIamPermissions 200
[debug] [2023-11-23T07:55:28.772Z] <<< [apiv2][body] POST https://cloudresourcemanager.googleapis.com/v1/projects/gdd-toolkit:testIamPermissions {"permissions":["cloudfunctions.functions.create","cloudfunctions.functions.delete","cloudfunctions.functions.get","cloudfunctions.functions.list","cloudfunctions.functions.update","cloudfunctions.operations.get","datastore.indexes.create","datastore.indexes.delete","datastore.indexes.list","datastore.indexes.update","firebase.projects.get","firebasehosting.sites.update"]}
[debug] [2023-11-23T07:55:28.773Z] >>> [apiv2][query] POST https://iam.googleapis.com/v1/projects/gdd-toolkit/serviceAccounts/gdd-toolkit@appspot.gserviceaccount.com:testIamPermissions [none]
[debug] [2023-11-23T07:55:28.773Z] >>> [apiv2][body] POST https://iam.googleapis.com/v1/projects/gdd-toolkit/serviceAccounts/gdd-toolkit@appspot.gserviceaccount.com:testIamPermissions {"permissions":["iam.serviceAccounts.actAs"]}
[debug] [2023-11-23T07:55:28.971Z] <<< [apiv2][status] POST https://iam.googleapis.com/v1/projects/gdd-toolkit/serviceAccounts/gdd-toolkit@appspot.gserviceaccount.com:testIamPermissions 200
[debug] [2023-11-23T07:55:28.971Z] <<< [apiv2][body] POST https://iam.googleapis.com/v1/projects/gdd-toolkit/serviceAccounts/gdd-toolkit@appspot.gserviceaccount.com:testIamPermissions {"permissions":["iam.serviceAccounts.actAs"]}
[debug] [2023-11-23T07:55:28.973Z] >>> [apiv2][query] GET https://firebase.googleapis.com/v1beta1/projects/gdd-toolkit [none]
[debug] [2023-11-23T07:55:29.169Z] <<< [apiv2][status] GET https://firebase.googleapis.com/v1beta1/projects/gdd-toolkit 200
[debug] [2023-11-23T07:55:29.170Z] <<< [apiv2][body] GET https://firebase.googleapis.com/v1beta1/projects/gdd-toolkit {"projectId":"gdd-toolkit","projectNumber":"792191653355","displayName":"GDD Toolkit","name":"projects/gdd-toolkit","resources":{"hostingSite":"gdd-toolkit","realtimeDatabaseInstance":"gdd-toolkit-default-rtdb"},"state":"ACTIVE","etag":"1_578a6c07-984b-41bb-b7dd-082000148be8"}
[info] 
[info] === Deploying to 'gdd-toolkit'...
[info] 
[info] i  deploying firestore, functions, hosting 
[info] Running command: npm --prefix "$RESOURCE_DIR" run build
[error] 
[error] Error: functions predeploy error: Command terminated with non-zero exit code 4294963238
